Rc files read:
  /etc/LatexMk
Latexmk: This is Latexmk, John Collins, 31 Jan. 2024. Version 4.83.
Latexmk: Getting log file 'main.log'
Latexmk: Examining 'main.fls'
Latexmk: Examining 'main.log'
Latexmk: applying rule 'pdflatex'...
Rule 'pdflatex':  Reasons for rerun
Changed files or newly in use/created:
  /etc/texmf/web2c/texmf.cnf
  /usr/share/texlive/texmf-dist/fonts/map/fontname/texfonts.map
  /usr/share/texlive/texmf-dist/fonts/tfm/jknappen/ec/ecbi1728.tfm
  /usr/share/texlive/texmf-dist/fonts/tfm/jknappen/ec/ecbx1200.tfm
  /usr/share/texlive/texmf-dist/fonts/tfm/jknappen/ec/ecbx1440.tfm
  /usr/share/texlive/texmf-dist/fonts/tfm/jknappen/ec/ecbx1728.tfm
  /usr/share/texlive/texmf-dist/fonts/tfm/jknappen/ec/ecbx2488.tfm
  /usr/share/texlive/texmf-dist/fonts/tfm/jknappen/ec/eccc1440.tfm
  /usr/share/texlive/texmf-dist/fonts/tfm/jknappen/ec/eccc1728.tfm
  /usr/share/texlive/texmf-dist/fonts/tfm/jknappen/ec/ecrm0600.tfm
  /usr/share/texlive/texmf-dist/fonts/tfm/jknappen/ec/ecrm0700.tfm
  /usr/share/texlive/texmf-dist/fonts/tfm/jknappen/ec/ecrm0800.tfm
  /usr/share/texlive/texmf-dist/fonts/tfm/jknappen/ec/ecrm1000.tfm
  /usr/share/texlive/texmf-dist/fonts/tfm/jknappen/ec/ecrm1095.tfm
  /usr/share/texlive/texmf-dist/fonts/tfm/jknappen/ec/ecrm1200.tfm
  /usr/share/texlive/texmf-dist/fonts/tfm/jknappen/ec/ecrm1440.tfm
  /usr/share/texlive/texmf-dist/fonts/tfm/jknappen/ec/ecrm1728.tfm
  /usr/share/texlive/texmf-dist/fonts/tfm/jknappen/ec/ecrm2074.tfm
  /usr/share/texlive/texmf-dist/fonts/tfm/jknappen/ec/ecrm2488.tfm
  /usr/share/texlive/texmf-dist/fonts/tfm/jknappen/ec/ecti1200.tfm
  /usr/share/texlive/texmf-dist/fonts/tfm/jknappen/ec/ectt1000.tfm
  /usr/share/texlive/texmf-dist/fonts/tfm/jknappen/ec/ectt1200.tfm
  /usr/share/texlive/texmf-dist/fonts/tfm/jknappen/ec/tcrm1200.tfm
  /usr/share/texlive/texmf-dist/fonts/tfm/public/amsfonts/cmextra/cmex7.tfm
  /usr/share/texlive/texmf-dist/fonts/tfm/public/amsfonts/cmextra/cmex8.tfm
  /usr/share/texlive/texmf-dist/fonts/tfm/public/amsfonts/symbols/msam10.tfm
  /usr/share/texlive/texmf-dist/fonts/tfm/public/amsfonts/symbols/msam5.tfm
  /usr/share/texlive/texmf-dist/fonts/tfm/public/amsfonts/symbols/msam7.tfm
  /usr/share/texlive/texmf-dist/fonts/tfm/public/amsfonts/symbols/msbm10.tfm
  /usr/share/texlive/texmf-dist/fonts/tfm/public/amsfonts/symbols/msbm5.tfm
  /usr/share/texlive/texmf-dist/fonts/tfm/public/amsfonts/symbols/msbm7.tfm
  /usr/share/texlive/texmf-dist/fonts/tfm/public/cm/cmex10.tfm
  /usr/share/texlive/texmf-dist/fonts/tfm/public/cm/cmmi10.tfm
  /usr/share/texlive/texmf-dist/fonts/tfm/public/cm/cmmi12.tfm
  /usr/share/texlive/texmf-dist/fonts/tfm/public/cm/cmmi6.tfm
  /usr/share/texlive/texmf-dist/fonts/tfm/public/cm/cmmi8.tfm
  /usr/share/texlive/texmf-dist/fonts/tfm/public/cm/cmr10.tfm
  /usr/share/texlive/texmf-dist/fonts/tfm/public/cm/cmr12.tfm
  /usr/share/texlive/texmf-dist/fonts/tfm/public/cm/cmr6.tfm
  /usr/share/texlive/texmf-dist/fonts/tfm/public/cm/cmr8.tfm
  /usr/share/texlive/texmf-dist/fonts/tfm/public/cm/cmsy10.tfm
  /usr/share/texlive/texmf-dist/fonts/tfm/public/cm/cmsy6.tfm
  /usr/share/texlive/texmf-dist/fonts/tfm/public/cm/cmsy8.tfm
  /usr/share/texlive/texmf-dist/tex/context/base/mkii/supp-pdf.mkii
  /usr/share/texlive/texmf-dist/tex/generic/atbegshi/atbegshi.sty
  /usr/share/texlive/texmf-dist/tex/generic/babel-italian/italian.ldf
  /usr/share/texlive/texmf-dist/tex/generic/babel/babel.sty
  /usr/share/texlive/texmf-dist/tex/generic/babel/locale/it/babel-it.ini
  /usr/share/texlive/texmf-dist/tex/generic/babel/locale/it/babel-italian.tex
  /usr/share/texlive/texmf-dist/tex/generic/babel/txtbabel.def
  /usr/share/texlive/texmf-dist/tex/generic/bigintcalc/bigintcalc.sty
  /usr/share/texlive/texmf-dist/tex/generic/bitset/bitset.sty
  /usr/share/texlive/texmf-dist/tex/generic/gettitlestring/gettitlestring.sty
  /usr/share/texlive/texmf-dist/tex/generic/iftex/iftex.sty
  /usr/share/texlive/texmf-dist/tex/generic/infwarerr/infwarerr.sty
  /usr/share/texlive/texmf-dist/tex/generic/intcalc/intcalc.sty
  /usr/share/texlive/texmf-dist/tex/generic/kvdefinekeys/kvdefinekeys.sty
  /usr/share/texlive/texmf-dist/tex/generic/ltxcmds/ltxcmds.sty
  /usr/share/texlive/texmf-dist/tex/generic/pdfescape/pdfescape.sty
  /usr/share/texlive/texmf-dist/tex/generic/pdftexcmds/pdftexcmds.sty
  /usr/share/texlive/texmf-dist/tex/generic/uniquecounter/uniquecounter.sty
  /usr/share/texlive/texmf-dist/tex/latex/amsfonts/amsfonts.sty
  /usr/share/texlive/texmf-dist/tex/latex/amsfonts/umsa.fd
  /usr/share/texlive/texmf-dist/tex/latex/amsfonts/umsb.fd
  /usr/share/texlive/texmf-dist/tex/latex/amsmath/amsbsy.sty
  /usr/share/texlive/texmf-dist/tex/latex/amsmath/amsgen.sty
  /usr/share/texlive/texmf-dist/tex/latex/amsmath/amsmath.sty
  /usr/share/texlive/texmf-dist/tex/latex/amsmath/amsopn.sty
  /usr/share/texlive/texmf-dist/tex/latex/amsmath/amstext.sty
  /usr/share/texlive/texmf-dist/tex/latex/atveryend/atveryend.sty
  /usr/share/texlive/texmf-dist/tex/latex/auxhook/auxhook.sty
  /usr/share/texlive/texmf-dist/tex/latex/base/atbegshi-ltx.sty
  /usr/share/texlive/texmf-dist/tex/latex/base/atveryend-ltx.sty
  /usr/share/texlive/texmf-dist/tex/latex/base/fontenc.sty
  /usr/share/texlive/texmf-dist/tex/latex/base/inputenc.sty
  /usr/share/texlive/texmf-dist/tex/latex/base/report.cls
  /usr/share/texlive/texmf-dist/tex/latex/base/size12.clo
  /usr/share/texlive/texmf-dist/tex/latex/base/t1cmtt.fd
  /usr/share/texlive/texmf-dist/tex/latex/caption/caption.sty
  /usr/share/texlive/texmf-dist/tex/latex/caption/caption3.sty
  /usr/share/texlive/texmf-dist/tex/latex/caption/subcaption.sty
  /usr/share/texlive/texmf-dist/tex/latex/epstopdf-pkg/epstopdf-base.sty
  /usr/share/texlive/texmf-dist/tex/latex/etoolbox/etoolbox.sty
  /usr/share/texlive/texmf-dist/tex/latex/float/float.sty
  /usr/share/texlive/texmf-dist/tex/latex/graphics-cfg/color.cfg
  /usr/share/texlive/texmf-dist/tex/latex/graphics-cfg/graphics.cfg
  /usr/share/texlive/texmf-dist/tex/latex/graphics-def/pdftex.def
  /usr/share/texlive/texmf-dist/tex/latex/graphics/color.sty
  /usr/share/texlive/texmf-dist/tex/latex/graphics/graphics.sty
  /usr/share/texlive/texmf-dist/tex/latex/graphics/graphicx.sty
  /usr/share/texlive/texmf-dist/tex/latex/graphics/keyval.sty
  /usr/share/texlive/texmf-dist/tex/latex/graphics/mathcolor.ltx
  /usr/share/texlive/texmf-dist/tex/latex/graphics/trig.sty
  /usr/share/texlive/texmf-dist/tex/latex/hycolor/hycolor.sty
  /usr/share/texlive/texmf-dist/tex/latex/hyperref/hpdftex.def
  /usr/share/texlive/texmf-dist/tex/latex/hyperref/hyperref.sty
  /usr/share/texlive/texmf-dist/tex/latex/hyperref/nameref.sty
  /usr/share/texlive/texmf-dist/tex/latex/hyperref/pd1enc.def
  /usr/share/texlive/texmf-dist/tex/latex/hyperref/puenc.def
  /usr/share/texlive/texmf-dist/tex/latex/kvoptions/kvoptions.sty
  /usr/share/texlive/texmf-dist/tex/latex/kvsetkeys/kvsetkeys.sty
  /usr/share/texlive/texmf-dist/tex/latex/l3backend/l3backend-pdftex.def
  /usr/share/texlive/texmf-dist/tex/latex/latexconfig/epstopdf-sys.cfg
  /usr/share/texlive/texmf-dist/tex/latex/listings/listings.cfg
  /usr/share/texlive/texmf-dist/tex/latex/listings/listings.sty
  /usr/share/texlive/texmf-dist/tex/latex/listings/lstmisc.sty
  /usr/share/texlive/texmf-dist/tex/latex/refcount/refcount.sty
  /usr/share/texlive/texmf-dist/tex/latex/rerunfilecheck/rerunfilecheck.sty
  /usr/share/texlive/texmf-dist/tex/latex/setspace/setspace.sty
  /usr/share/texlive/texmf-dist/tex/latex/url/url.sty
  /usr/share/texlive/texmf-dist/tex/latex/xcolor/xcolor.sty
  /usr/share/texlive/texmf-dist/web2c/texmf.cnf
  /usr/share/texmf/fonts/enc/dvips/cm-super/cm-super-t1.enc
  /usr/share/texmf/fonts/enc/dvips/cm-super/cm-super-ts1.enc
  /usr/share/texmf/web2c/texmf.cnf
  /var/lib/texmf/fonts/map/pdftex/updmap/pdftex.map
  /var/lib/texmf/web2c/pdftex/pdflatex.fmt
  1introduzione.tex
  3bertopic.tex
  dedica.tex
  img/BERTopic/umap/UMAP_projection.png
  img/BERTopic/umap/mammoth_render.png
  img/BERTopic/umap/n_neighbours115.png
  img/BERTopic/umap/n_neighbours15.png
  img/BERTopic/umap/n_neighbours20.png
  img/BERTopic/umap/n_neighbours5.png
  img/logoDMI.jpg
  img/logoUniPg.jpg
  main.aux
  main.out
  main.tex
  main.toc
  settings/frontmatter.tex
  settings/prelude.tex
Category 'changed_user':
  /etc/texmf/web2c/texmf.cnf
  /usr/share/texlive/texmf-dist/fonts/map/fontname/texfonts.map
  /usr/share/texlive/texmf-dist/fonts/tfm/jknappen/ec/ecbi1728.tfm
  /usr/share/texlive/texmf-dist/fonts/tfm/jknappen/ec/ecbx1200.tfm
  /usr/share/texlive/texmf-dist/fonts/tfm/jknappen/ec/ecbx1440.tfm
  /usr/share/texlive/texmf-dist/fonts/tfm/jknappen/ec/ecbx1728.tfm
  /usr/share/texlive/texmf-dist/fonts/tfm/jknappen/ec/ecbx2488.tfm
  /usr/share/texlive/texmf-dist/fonts/tfm/jknappen/ec/eccc1440.tfm
  /usr/share/texlive/texmf-dist/fonts/tfm/jknappen/ec/eccc1728.tfm
  /usr/share/texlive/texmf-dist/fonts/tfm/jknappen/ec/ecrm0600.tfm
  /usr/share/texlive/texmf-dist/fonts/tfm/jknappen/ec/ecrm0700.tfm
  /usr/share/texlive/texmf-dist/fonts/tfm/jknappen/ec/ecrm0800.tfm
  /usr/share/texlive/texmf-dist/fonts/tfm/jknappen/ec/ecrm1000.tfm
  /usr/share/texlive/texmf-dist/fonts/tfm/jknappen/ec/ecrm1095.tfm
  /usr/share/texlive/texmf-dist/fonts/tfm/jknappen/ec/ecrm1200.tfm
  /usr/share/texlive/texmf-dist/fonts/tfm/jknappen/ec/ecrm1440.tfm
  /usr/share/texlive/texmf-dist/fonts/tfm/jknappen/ec/ecrm1728.tfm
  /usr/share/texlive/texmf-dist/fonts/tfm/jknappen/ec/ecrm2074.tfm
  /usr/share/texlive/texmf-dist/fonts/tfm/jknappen/ec/ecrm2488.tfm
  /usr/share/texlive/texmf-dist/fonts/tfm/jknappen/ec/ecti1200.tfm
  /usr/share/texlive/texmf-dist/fonts/tfm/jknappen/ec/ectt1000.tfm
  /usr/share/texlive/texmf-dist/fonts/tfm/jknappen/ec/ectt1200.tfm
  /usr/share/texlive/texmf-dist/fonts/tfm/jknappen/ec/tcrm1200.tfm
  /usr/share/texlive/texmf-dist/fonts/tfm/public/amsfonts/cmextra/cmex7.tfm
  /usr/share/texlive/texmf-dist/fonts/tfm/public/amsfonts/cmextra/cmex8.tfm
  /usr/share/texlive/texmf-dist/fonts/tfm/public/amsfonts/symbols/msam10.tfm
  /usr/share/texlive/texmf-dist/fonts/tfm/public/amsfonts/symbols/msam5.tfm
  /usr/share/texlive/texmf-dist/fonts/tfm/public/amsfonts/symbols/msam7.tfm
  /usr/share/texlive/texmf-dist/fonts/tfm/public/amsfonts/symbols/msbm10.tfm
  /usr/share/texlive/texmf-dist/fonts/tfm/public/amsfonts/symbols/msbm5.tfm
  /usr/share/texlive/texmf-dist/fonts/tfm/public/amsfonts/symbols/msbm7.tfm
  /usr/share/texlive/texmf-dist/fonts/tfm/public/cm/cmex10.tfm
  /usr/share/texlive/texmf-dist/fonts/tfm/public/cm/cmmi10.tfm
  /usr/share/texlive/texmf-dist/fonts/tfm/public/cm/cmmi12.tfm
  /usr/share/texlive/texmf-dist/fonts/tfm/public/cm/cmmi6.tfm
  /usr/share/texlive/texmf-dist/fonts/tfm/public/cm/cmmi8.tfm
  /usr/share/texlive/texmf-dist/fonts/tfm/public/cm/cmr10.tfm
  /usr/share/texlive/texmf-dist/fonts/tfm/public/cm/cmr12.tfm
  /usr/share/texlive/texmf-dist/fonts/tfm/public/cm/cmr6.tfm
  /usr/share/texlive/texmf-dist/fonts/tfm/public/cm/cmr8.tfm
  /usr/share/texlive/texmf-dist/fonts/tfm/public/cm/cmsy10.tfm
  /usr/share/texlive/texmf-dist/fonts/tfm/public/cm/cmsy6.tfm
  /usr/share/texlive/texmf-dist/fonts/tfm/public/cm/cmsy8.tfm
  /usr/share/texlive/texmf-dist/tex/context/base/mkii/supp-pdf.mkii
  /usr/share/texlive/texmf-dist/tex/generic/atbegshi/atbegshi.sty
  /usr/share/texlive/texmf-dist/tex/generic/babel-italian/italian.ldf
  /usr/share/texlive/texmf-dist/tex/generic/babel/babel.sty
  /usr/share/texlive/texmf-dist/tex/generic/babel/locale/it/babel-it.ini
  /usr/share/texlive/texmf-dist/tex/generic/babel/locale/it/babel-italian.tex
  /usr/share/texlive/texmf-dist/tex/generic/babel/txtbabel.def
  /usr/share/texlive/texmf-dist/tex/generic/bigintcalc/bigintcalc.sty
  /usr/share/texlive/texmf-dist/tex/generic/bitset/bitset.sty
  /usr/share/texlive/texmf-dist/tex/generic/gettitlestring/gettitlestring.sty
  /usr/share/texlive/texmf-dist/tex/generic/iftex/iftex.sty
  /usr/share/texlive/texmf-dist/tex/generic/infwarerr/infwarerr.sty
  /usr/share/texlive/texmf-dist/tex/generic/intcalc/intcalc.sty
  /usr/share/texlive/texmf-dist/tex/generic/kvdefinekeys/kvdefinekeys.sty
  /usr/share/texlive/texmf-dist/tex/generic/ltxcmds/ltxcmds.sty
  /usr/share/texlive/texmf-dist/tex/generic/pdfescape/pdfescape.sty
  /usr/share/texlive/texmf-dist/tex/generic/pdftexcmds/pdftexcmds.sty
  /usr/share/texlive/texmf-dist/tex/generic/uniquecounter/uniquecounter.sty
  /usr/share/texlive/texmf-dist/tex/latex/amsfonts/amsfonts.sty
  /usr/share/texlive/texmf-dist/tex/latex/amsfonts/umsa.fd
  /usr/share/texlive/texmf-dist/tex/latex/amsfonts/umsb.fd
  /usr/share/texlive/texmf-dist/tex/latex/amsmath/amsbsy.sty
  /usr/share/texlive/texmf-dist/tex/latex/amsmath/amsgen.sty
  /usr/share/texlive/texmf-dist/tex/latex/amsmath/amsmath.sty
  /usr/share/texlive/texmf-dist/tex/latex/amsmath/amsopn.sty
  /usr/share/texlive/texmf-dist/tex/latex/amsmath/amstext.sty
  /usr/share/texlive/texmf-dist/tex/latex/atveryend/atveryend.sty
  /usr/share/texlive/texmf-dist/tex/latex/auxhook/auxhook.sty
  /usr/share/texlive/texmf-dist/tex/latex/base/atbegshi-ltx.sty
  /usr/share/texlive/texmf-dist/tex/latex/base/atveryend-ltx.sty
  /usr/share/texlive/texmf-dist/tex/latex/base/fontenc.sty
  /usr/share/texlive/texmf-dist/tex/latex/base/inputenc.sty
  /usr/share/texlive/texmf-dist/tex/latex/base/report.cls
  /usr/share/texlive/texmf-dist/tex/latex/base/size12.clo
  /usr/share/texlive/texmf-dist/tex/latex/base/t1cmtt.fd
  /usr/share/texlive/texmf-dist/tex/latex/caption/caption.sty
  /usr/share/texlive/texmf-dist/tex/latex/caption/caption3.sty
  /usr/share/texlive/texmf-dist/tex/latex/caption/subcaption.sty
  /usr/share/texlive/texmf-dist/tex/latex/epstopdf-pkg/epstopdf-base.sty
  /usr/share/texlive/texmf-dist/tex/latex/etoolbox/etoolbox.sty
  /usr/share/texlive/texmf-dist/tex/latex/float/float.sty
  /usr/share/texlive/texmf-dist/tex/latex/graphics-cfg/color.cfg
  /usr/share/texlive/texmf-dist/tex/latex/graphics-cfg/graphics.cfg
  /usr/share/texlive/texmf-dist/tex/latex/graphics-def/pdftex.def
  /usr/share/texlive/texmf-dist/tex/latex/graphics/color.sty
  /usr/share/texlive/texmf-dist/tex/latex/graphics/graphics.sty
  /usr/share/texlive/texmf-dist/tex/latex/graphics/graphicx.sty
  /usr/share/texlive/texmf-dist/tex/latex/graphics/keyval.sty
  /usr/share/texlive/texmf-dist/tex/latex/graphics/mathcolor.ltx
  /usr/share/texlive/texmf-dist/tex/latex/graphics/trig.sty
  /usr/share/texlive/texmf-dist/tex/latex/hycolor/hycolor.sty
  /usr/share/texlive/texmf-dist/tex/latex/hyperref/hpdftex.def
  /usr/share/texlive/texmf-dist/tex/latex/hyperref/hyperref.sty
  /usr/share/texlive/texmf-dist/tex/latex/hyperref/nameref.sty
  /usr/share/texlive/texmf-dist/tex/latex/hyperref/pd1enc.def
  /usr/share/texlive/texmf-dist/tex/latex/hyperref/puenc.def
  /usr/share/texlive/texmf-dist/tex/latex/kvoptions/kvoptions.sty
  /usr/share/texlive/texmf-dist/tex/latex/kvsetkeys/kvsetkeys.sty
  /usr/share/texlive/texmf-dist/tex/latex/l3backend/l3backend-pdftex.def
  /usr/share/texlive/texmf-dist/tex/latex/latexconfig/epstopdf-sys.cfg
  /usr/share/texlive/texmf-dist/tex/latex/listings/listings.cfg
  /usr/share/texlive/texmf-dist/tex/latex/listings/listings.sty
  /usr/share/texlive/texmf-dist/tex/latex/listings/lstmisc.sty
  /usr/share/texlive/texmf-dist/tex/latex/refcount/refcount.sty
  /usr/share/texlive/texmf-dist/tex/latex/rerunfilecheck/rerunfilecheck.sty
  /usr/share/texlive/texmf-dist/tex/latex/setspace/setspace.sty
  /usr/share/texlive/texmf-dist/tex/latex/url/url.sty
  /usr/share/texlive/texmf-dist/tex/latex/xcolor/xcolor.sty
  /usr/share/texlive/texmf-dist/web2c/texmf.cnf
  /usr/share/texmf/fonts/enc/dvips/cm-super/cm-super-t1.enc
  /usr/share/texmf/fonts/enc/dvips/cm-super/cm-super-ts1.enc
  /usr/share/texmf/web2c/texmf.cnf
  /var/lib/texmf/fonts/map/pdftex/updmap/pdftex.map
  /var/lib/texmf/web2c/pdftex/pdflatex.fmt
  1introduzione.tex
  3bertopic.tex
  dedica.tex
  img/BERTopic/umap/UMAP_projection.png
  img/BERTopic/umap/mammoth_render.png
  img/BERTopic/umap/n_neighbours115.png
  img/BERTopic/umap/n_neighbours15.png
  img/BERTopic/umap/n_neighbours20.png
  img/BERTopic/umap/n_neighbours5.png
  img/logoDMI.jpg
  img/logoUniPg.jpg
  main.tex
  settings/frontmatter.tex
  settings/prelude.tex
Category 'never_run':
  pdflatex
Category 'no_dest':
  pdflatex

------------
Run number 1 of rule 'pdflatex'
------------
------------
Running 'pdflatex  -recorder  "main.tex"'
------------
This is pdfTeX, Version 3.141592653-2.6-1.40.25 (TeX Live 2023/Debian) (preloaded format=pdflatex)
 restricted \write18 enabled.
entering extended mode
(./main.tex
LaTeX2e <2023-11-01> patch level 1
L3 programming layer <2024-01-22>
(/usr/share/texlive/texmf-dist/tex/latex/base/report.cls
Document Class: report 2023/05/17 v1.4n Standard LaTeX document class
(/usr/share/texlive/texmf-dist/tex/latex/base/size12.clo))
(./settings/prelude.tex
(/usr/share/texlive/texmf-dist/tex/generic/babel/babel.sty
(/usr/share/texlive/texmf-dist/tex/generic/babel/txtbabel.def)
(/usr/share/texlive/texmf-dist/tex/generic/babel-italian/italian.ldf))
(/usr/share/texlive/texmf-dist/tex/generic/babel/locale/it/babel-italian.tex)
(/usr/share/texlive/texmf-dist/tex/latex/etoolbox/etoolbox.sty)
(/usr/share/texlive/texmf-dist/tex/latex/base/inputenc.sty)
(/usr/share/texlive/texmf-dist/tex/latex/base/fontenc.sty)
(/usr/share/texlive/texmf-dist/tex/latex/setspace/setspace.sty)
(/usr/share/texlive/texmf-dist/tex/latex/graphics/graphicx.sty
(/usr/share/texlive/texmf-dist/tex/latex/graphics/keyval.sty)
(/usr/share/texlive/texmf-dist/tex/latex/graphics/graphics.sty
(/usr/share/texlive/texmf-dist/tex/latex/graphics/trig.sty)
(/usr/share/texlive/texmf-dist/tex/latex/graphics-cfg/graphics.cfg)
(/usr/share/texlive/texmf-dist/tex/latex/graphics-def/pdftex.def)))
(/usr/share/texlive/texmf-dist/tex/latex/caption/caption.sty
(/usr/share/texlive/texmf-dist/tex/latex/caption/caption3.sty))
(/usr/share/texlive/texmf-dist/tex/latex/float/float.sty)
(/usr/share/texlive/texmf-dist/tex/latex/amsmath/amsmath.sty
For additional information on amsmath, use the `?' option.
(/usr/share/texlive/texmf-dist/tex/latex/amsmath/amstext.sty
(/usr/share/texlive/texmf-dist/tex/latex/amsmath/amsgen.sty))
(/usr/share/texlive/texmf-dist/tex/latex/amsmath/amsbsy.sty)
(/usr/share/texlive/texmf-dist/tex/latex/amsmath/amsopn.sty))
(/usr/share/texlive/texmf-dist/tex/latex/amsfonts/amsfonts.sty)
(/usr/share/texlive/texmf-dist/tex/latex/xcolor/xcolor.sty
(/usr/share/texlive/texmf-dist/tex/latex/graphics-cfg/color.cfg)
(/usr/share/texlive/texmf-dist/tex/latex/graphics/mathcolor.ltx))
(/usr/share/texlive/texmf-dist/tex/latex/listings/listings.sty
(/usr/share/texlive/texmf-dist/tex/latex/listings/lstmisc.sty)
(/usr/share/texlive/texmf-dist/tex/latex/listings/listings.cfg))
(/usr/share/texlive/texmf-dist/tex/latex/hyperref/hyperref.sty
(/usr/share/texlive/texmf-dist/tex/generic/iftex/iftex.sty)
(/usr/share/texlive/texmf-dist/tex/latex/kvsetkeys/kvsetkeys.sty)
(/usr/share/texlive/texmf-dist/tex/generic/kvdefinekeys/kvdefinekeys.sty)
(/usr/share/texlive/texmf-dist/tex/generic/pdfescape/pdfescape.sty
(/usr/share/texlive/texmf-dist/tex/generic/ltxcmds/ltxcmds.sty)
(/usr/share/texlive/texmf-dist/tex/generic/pdftexcmds/pdftexcmds.sty
(/usr/share/texlive/texmf-dist/tex/generic/infwarerr/infwarerr.sty)))
(/usr/share/texlive/texmf-dist/tex/latex/hycolor/hycolor.sty)
(/usr/share/texlive/texmf-dist/tex/latex/auxhook/auxhook.sty)
(/usr/share/texlive/texmf-dist/tex/latex/hyperref/nameref.sty
(/usr/share/texlive/texmf-dist/tex/latex/refcount/refcount.sty)
(/usr/share/texlive/texmf-dist/tex/generic/gettitlestring/gettitlestring.sty
(/usr/share/texlive/texmf-dist/tex/latex/kvoptions/kvoptions.sty)))
(/usr/share/texlive/texmf-dist/tex/latex/hyperref/pd1enc.def)
(/usr/share/texlive/texmf-dist/tex/generic/intcalc/intcalc.sty)
(/usr/share/texlive/texmf-dist/tex/latex/hyperref/puenc.def)
(/usr/share/texlive/texmf-dist/tex/latex/url/url.sty)
(/usr/share/texlive/texmf-dist/tex/generic/bitset/bitset.sty
(/usr/share/texlive/texmf-dist/tex/generic/bigintcalc/bigintcalc.sty))
(/usr/share/texlive/texmf-dist/tex/latex/base/atbegshi-ltx.sty))
(/usr/share/texlive/texmf-dist/tex/latex/hyperref/hpdftex.def
(/usr/share/texlive/texmf-dist/tex/latex/base/atveryend-ltx.sty)
(/usr/share/texlive/texmf-dist/tex/latex/rerunfilecheck/rerunfilecheck.sty
(/usr/share/texlive/texmf-dist/tex/generic/uniquecounter/uniquecounter.sty)))
(/usr/share/texlive/texmf-dist/tex/latex/caption/subcaption.sty))
(/usr/share/texlive/texmf-dist/tex/latex/l3backend/l3backend-pdftex.def)
(./main.aux) (/usr/share/texlive/texmf-dist/tex/context/base/mkii/supp-pdf.mkii

[Loading MPS to PDF converter (version 2006.09.02).]
) (/usr/share/texlive/texmf-dist/tex/latex/epstopdf-pkg/epstopdf-base.sty
(/usr/share/texlive/texmf-dist/tex/latex/latexconfig/epstopdf-sys.cfg))
(./main.out) (./main.out) (./settings/frontmatter.tex
Overfull \hbox (2.60454pt too wide) in paragraph at lines 4--12
[] [][] 
) [1{/var/lib/texmf/fonts/map/pdftex/updmap/pdftex.map}{/usr/share/texmf/fonts/
enc/dvips/cm-super/cm-super-t1.enc} <./img/logoUniPg.jpg> <./img/logoDMI.jpg>]
(./dedica.tex) [2] (./main.toc) [3] (./1introduzione.tex
Capitolo 1.
[4] [5] (/usr/share/texlive/texmf-dist/tex/latex/amsfonts/umsa.fd)
(/usr/share/texlive/texmf-dist/tex/latex/amsfonts/umsb.fd) [6{/usr/share/texmf/
fonts/enc/dvips/cm-super/cm-super-ts1.enc}]) (./3bertopic.tex [7] [8]
Capitolo 2.
[9] (/usr/share/texlive/texmf-dist/tex/latex/base/t1cmtt.fd)
Underfull \hbox (badness 10000) in paragraph at lines 22--22
[][][][][]$\T1/cmtt/m/n/10 https : / / maartengr . github . io / BERTopic / get
ting _ started / embeddings /
[10] [11] [12]
Underfull \hbox (badness 10000) in paragraph at lines 86--86
[][][][][]$\T1/cmtt/m/n/10 https : / / maartengr . github . io / BERTopic / get
ting _ started / dim _ reduction /
[13] [14]
Underfull \hbox (badness 1931) in paragraph at lines 149--149
[]\T1/cmr/m/n/12 Figura 2.3: |Pro-ie-zio-ne UMAP di un mo-del-lo 3D con 50000 p
un-

Underfull \hbox (badness 3396) in paragraph at lines 149--149
\T1/cmr/m/n/12 ti in un pia-no 2D. Fon-ti: Smi-th-so-nian 3D Di-gi-ti-za-tion P
ro-gram

Underfull \hbox (badness 10000) in paragraph at lines 149--149
\T1/cmr/m/n/12 ([][]$\T1/cmtt/m/n/12 https : / / 3d . si . edu / object / 3d / 
mammuthus-[]primigenius-[]blumbach :

Underfull \hbox (badness 10000) in paragraph at lines 149--149
\T1/cmtt/m/n/12 341c96cd-[]f967-[]4540-[]8ed1-[]d3fc56d31f12$[][]\T1/cmr/m/n/12
 ) e Max Noi-chl ([][]$\T1/cmtt/m/n/12 https :
[15 <./img/BERTopic/umap/UMAP_projection.png>]
Overfull \vbox (126.99603pt too high) has occurred while \output is active
[16 <./img/BERTopic/umap/mammoth_render.png> <./img/BERTopic/umap/n_neighbours5
.png> <./img/BERTopic/umap/n_neighbours15.png> <./img/BERTopic/umap/n_neighbour
s20.png> <./img/BERTopic/umap/n_neighbours115.png>]
! Missing $ inserted.
<inserted text> 
                $
l.152 Per valutare l’effetto del parametro n_
                                               neighbors di UMAP sulla strut...

? 
! Emergency stop.
<inserted text> 
                $
l.152 Per valutare l’effetto del parametro n_
                                               neighbors di UMAP sulla strut...

!  ==> Fatal error occurred, no output PDF file produced!
Transcript written on main.log.
Latexmk: Sometimes, the -f option can be used to get latexmk
  to try to force complete processing.
  But normally, you will need to correct the file(s) that caused the
  error, and then rerun latexmk.
  In some cases, it is best to clean out generated files before rerunning
  latexmk after you've corrected the files.
Latexmk: Getting log file 'main.log'
Latexmk: Examining 'main.fls'
Latexmk: Examining 'main.log'
Latexmk: Errors, so I did not complete making targets
Collected error summary (may duplicate other messages):
  pdflatex: Command for 'pdflatex' gave return code 1
      Refer to 'main.log' and/or above output for details

